QFSFileEngine::open: No file name specified
apex: APEX: Apex version 4.1.2, 
apex: APEX: Compiled with Qt version 6.10.2
apex: APEX: Running with Qt version 6.10.2
apex: APEX: The APEX 4 binaries use the Nokia Qt framework available
under the GNU General Public License (GPL version 2) on:
http://qt.nokia.com/. The APEX 4 source code and
binaries are available under the GNU General Public License
(GPL version 2) on http://www.kuleuven.be/exporl/apex.
apex: ApexControl: Parsing Apex config file /home/jonas/apex/data/config/apexconfig.xml
with schema /home/jonas/apex/data/schemas/apexconfig.xsd
apex: ApexControl: Done
apex: Configure done
apex: Shown MainWindow
apex: Parsing command line
apex: ApexControl: Using filename given on the command line
apex: Selecting File /home/jonas/apex/.build/test/results/procedure/idn2-skip.apx
apex: Parsing Experiment
apex: ApexControl: Parsing /home/jonas/apex/.build/test/results/procedure/idn2-skip.apx
apex: XML parser: XML file upgraded from previous version
apex: ExperimentParser: parsing...
apex: Parsing procedure
apex: Parsing procedure
apex: Parsing screens
apex: ExperimentParser: Parsing Screens
apex: ExperimentParser: Done
apex: Parsing datablocks
apex: Parsing devices
apex: Parsing devices
apex: DevicesParser: Processing devices
apex: Setting buffer size to 512
apex: Parsing filters
apex: ExperimentParser: Processing filters
apex: ExperimentParser: Done
apex: Parsing stimuli
apex: ExperimentParser: Processing stimuli
apex: Parsing connections
apex: ExperimentParser: Processing Connections
apex: ExperimentParser: Done
apex: ApexControl: DONE
apex.outputrecording: Enabling output recording
apex: Card name not found in apexconfig, using literal string
apex: Card name: dummy, Driver name: dummy
apex.streamapp: CreateSoundCard
apex: num of sample rates=1
apex: num of sample rates=1
apex: # channels: 2
apex.streamapp: max channels: 2
apex: Using sound driver buffer size 512
apex: Block size: 8192
apex: Internal sound buffer size: 40960 samples
apex: number of blocks: 9
apex: Wavdevice set gain of all channels to 0.000000
apex: ApexControl: DONE
apex: "ExperimentIo::setResponseEnabled(false)"
apex: Parse commandline done
apex: Setting up trial in constant procedure  0
apex: Calling playNextStimulus at time: 1783938542238
apex: WavDevice: AddInput rawdata2
apex: apex::ApexModule: Playing Stimulus stimulus2
apex: Calling PlayAndWaitInThread at time: 1783938542240
apex: WavDevice: PlayAll
FileSink prepare: opened file idn2-skip-0.wav (count=1)
FileSink process: call 1 for file 1 (8192 frames so far)
FileSink process: call 2 for file 1 (16384 frames so far)
FileSink process: call 3 for file 1 (24576 frames so far)
apex: berthabuffer stop
apex: WavDevice: AllDone
apex: berthabuffer release
apex: stimulus played
apex: "ExperimentIo::setResponseEnabled(true)"
apex: Automatically selecting button5
apex: ***iAnswered
apex: debug slot called
apex: ***resultXML
apex: Setting up trial in constant procedure  1
apex: Calling playNextStimulus at time: 1783938543105
apex: WavDevice: AddInput rawdata5
apex: apex::ApexModule: Playing Stimulus stimulus5
apex: Calling PlayAndWaitInThread at time: 1783938543106
apex: WavDevice: PlayAll
FileSink prepare: opened file idn2-skip-1.wav (count=1)
FileSink process: call 1 for file 1 (8192 frames so far)
FileSink process: call 2 for file 1 (16384 frames so far)
FileSink process: call 3 for file 1 (24576 frames so far)
FileSink process: call 4 for file 1 (32768 frames so far)
apex: berthabuffer stop
apex: WavDevice: AllDone
apex: berthabuffer release
apex: stimulus played
apex: "ExperimentIo::setResponseEnabled(true)"
apex: Automatically selecting button2
apex: ***iAnswered
apex: debug slot called
apex: ***resultXML
apex: Setting up trial in constant procedure  2
apex: Calling playNextStimulus at time: 1783938544104
apex: WavDevice: AddInput rawdata1
apex: apex::ApexModule: Playing Stimulus stimulus1
apex: Calling PlayAndWaitInThread at time: 1783938544105
apex: WavDevice: PlayAll
FileSink prepare: opened file idn2-skip-2.wav (count=1)
FileSink process: call 1 for file 1 (8192 frames so far)
FileSink process: call 2 for file 1 (16384 frames so far)
FileSink process: call 3 for file 1 (24576 frames so far)
apex: berthabuffer stop
apex: WavDevice: AllDone
apex: berthabuffer release
apex: stimulus played
apex: "ExperimentIo::setResponseEnabled(true)"
apex: Automatically selecting button4
apex: ***iAnswered
apex: debug slot called
apex: ***resultXML
apex: Setting up trial in constant procedure  3
apex: Calling playNextStimulus at time: 1783938544927
apex: WavDevice: AddInput rawdata1
apex: apex::ApexModule: Playing Stimulus stimulus1
apex: Calling PlayAndWaitInThread at time: 1783938544928
apex: WavDevice: PlayAll
FileSink prepare: opened file idn2-skip-3.wav (count=1)
FileSink process: call 1 for file 1 (8192 frames so far)
FileSink process: call 2 for file 1 (16384 frames so far)
FileSink process: call 3 for file 1 (24576 frames so far)
apex: berthabuffer stop
apex: WavDevice: AllDone
apex: berthabuffer release
apex: stimulus played
apex: "ExperimentIo::setResponseEnabled(true)"
apex: Automatically selecting button4
apex: ***iAnswered
apex: debug slot called
apex: ***resultXML
apex: Setting up trial in constant procedure  4
apex: Calling playNextStimulus at time: 1783938545727
apex: WavDevice: AddInput rawdata6
apex: apex::ApexModule: Playing Stimulus stimulus6
apex: Calling PlayAndWaitInThread at time: 1783938545728
apex: WavDevice: PlayAll
FileSink prepare: opened file idn2-skip-4.wav (count=1)
FileSink process: call 1 for file 1 (8192 frames so far)
FileSink process: call 2 for file 1 (16384 frames so far)
FileSink process: call 3 for file 1 (24576 frames so far)
apex: berthabuffer stop
apex: WavDevice: AllDone
apex: berthabuffer release
apex: stimulus played
apex: "ExperimentIo::setResponseEnabled(true)"
apex: Automatically selecting button4
apex: ***iAnswered
apex: debug slot called
apex: ***resultXML
apex: Setting up trial in constant procedure  5
apex: Calling playNextStimulus at time: 1783938546597
apex: WavDevice: AddInput rawdata3
apex: apex::ApexModule: Playing Stimulus stimulus3
apex: Calling PlayAndWaitInThread at time: 1783938546598
apex: WavDevice: PlayAll
FileSink prepare: opened file idn2-skip-5.wav (count=1)
FileSink process: call 1 for file 1 (8192 frames so far)
FileSink process: call 2 for file 1 (16384 frames so far)
apex: berthabuffer stop
apex: WavDevice: AllDone
apex: berthabuffer release
apex: stimulus played
apex: "ExperimentIo::setResponseEnabled(true)"
apex: Automatically selecting button2
apex: ***iAnswered
apex: debug slot called
apex: ***resultXML
apex: Setting up trial in constant procedure  6
apex: Calling playNextStimulus at time: 1783938547269
apex: WavDevice: AddInput rawdata2
apex: apex::ApexModule: Playing Stimulus stimulus2
apex: Calling PlayAndWaitInThread at time: 1783938547269
apex: WavDevice: PlayAll
FileSink prepare: opened file idn2-skip-6.wav (count=1)
FileSink process: call 1 for file 1 (8192 frames so far)
FileSink process: call 2 for file 1 (16384 frames so far)
FileSink process: call 3 for file 1 (24576 frames so far)
apex: berthabuffer stop
apex: WavDevice: AllDone
apex: berthabuffer release
apex: stimulus played
apex: "ExperimentIo::setResponseEnabled(true)"
apex: Automatically selecting button3
apex: ***iAnswered
apex: debug slot called
apex: ***resultXML
apex: Setting up trial in constant procedure  7
apex: Calling playNextStimulus at time: 1783938548098
apex: WavDevice: AddInput rawdata4
apex: apex::ApexModule: Playing Stimulus stimulus4
apex: Calling PlayAndWaitInThread at time: 1783938548099
apex: WavDevice: PlayAll
FileSink prepare: opened file idn2-skip-7.wav (count=1)
FileSink process: call 1 for file 1 (8192 frames so far)
FileSink process: call 2 for file 1 (16384 frames so far)
FileSink process: call 3 for file 1 (24576 frames so far)
apex: berthabuffer stop
apex: WavDevice: AllDone
apex: berthabuffer release
apex: stimulus played
apex: "ExperimentIo::setResponseEnabled(true)"
apex: Automatically selecting button6
apex: ***iAnswered
apex: debug slot called
apex: ***resultXML
apex: Setting up trial in constant procedure  8
apex: Calling playNextStimulus at time: 1783938548936
apex: WavDevice: AddInput rawdata5
apex: apex::ApexModule: Playing Stimulus stimulus5
apex: Calling PlayAndWaitInThread at time: 1783938548937
apex: WavDevice: PlayAll
FileSink prepare: opened file idn2-skip-8.wav (count=1)
FileSink process: call 1 for file 1 (8192 frames so far)
FileSink process: call 2 for file 1 (16384 frames so far)
FileSink process: call 3 for file 1 (24576 frames so far)
FileSink process: call 4 for file 1 (32768 frames so far)
apex: berthabuffer stop
apex: WavDevice: AllDone
apex: berthabuffer release
apex: stimulus played
apex: "ExperimentIo::setResponseEnabled(true)"
apex: Automatically selecting button6
apex: ***iAnswered
apex: debug slot called
apex: ***resultXML
apex: berthabuffer release
QFSFileEngine::open: No file name specified
apex: berthabuffer release
apex: ExperimentControl: Experiment done
double free or corruption (!prev)
Aborted (core dumped)
