QFSFileEngine::open: No file name specified
apex: APEX: Apex version 4.1.2, 
apex: APEX: Compiled with Qt version 6.10.2
apex: APEX: Running with Qt version 6.10.2
apex: APEX: The APEX 4 binaries use the Nokia Qt framework available
under the GNU General Public License (GPL version 2) on:
http://qt.nokia.com/. The APEX 4 source code and
binaries are available under the GNU General Public License
(GPL version 2) on http://www.kuleuven.be/exporl/apex.
apex: ApexControl: Parsing Apex config file /home/jonas/apex/data/config/apexconfig.xml
with schema /home/jonas/apex/data/schemas/apexconfig.xsd
apex: ApexControl: Done
apex: Configure done
apex: Shown MainWindow
apex: Parsing command line
apex: ApexControl: Using filename given on the command line
apex: Selecting File /home/jonas/apex/.build/test/results/procedure/multistandard-unique.xml
apex: Parsing Experiment
apex: ApexControl: Parsing /home/jonas/apex/.build/test/results/procedure/multistandard-unique.xml
apex: XML parser: XML file upgraded from previous version
apex: ExperimentParser: parsing...
apex: Parsing procedure
apex: Parsing procedure
apex: setting interval 0 to "button1"
apex: setting interval 1 to "button2"
apex: setting interval 2 to "button3"
apex: setting interval 3 to "button4"
apex: setting interval 4 to "button5"
apex: Parsing screens
apex: ExperimentParser: Parsing Screens
apex: ExperimentParser: Done
apex: Parsing datablocks
apex: Parsing devices
apex: Parsing devices
apex: DevicesParser: Processing devices
apex: Setting buffer size to 512
apex: Parsing filters
apex: ExperimentParser: Processing filters
apex: ExperimentParser: Done
apex: Parsing stimuli
apex: ExperimentParser: Processing stimuli
apex: Parsing connections
apex: ExperimentParser: Processing Connections
apex: ExperimentParser: Done
apex: Returning random standard #0
apex: ApexControl: DONE
apex.outputrecording: Enabling output recording
apex: Card name not found in apexconfig, using literal string
apex: Card name: dummy, Driver name: dummy
apex.streamapp: CreateSoundCard
apex: num of sample rates=1
apex: num of sample rates=1
apex: # channels: 2
apex.streamapp: max channels: 2
apex: Using sound driver buffer size 512
apex: Block size: 8192
apex: Internal sound buffer size: 40960 samples
apex: number of blocks: 9
apex: Wavdevice set gain of all channels to 0.000000
apex: Updated stepsize for trial 0 to 2
apex: ApexControl: DONE
apex: "ExperimentIo::setResponseEnabled(false)"
apex: Parse commandline done
apex: Updated min / max to "20" / "20"
apex: Updated min / max to "20" / "20"
apex: Randomly selected position 0
apex: *** Starting next trial with parameter 20 , progress is 0 % ***
apex: ParameterManager::SetParameter: setting parameter "snr" to value "20"
apex: ParameterManager::SetParameter: setting parameter "snr" to value "20"
apex: Calling playNextStimulus at time: 1783938595704
apex: WavDevice: AddInput noisedata
apex: apex::ApexModule: Playing Stimulus standard1
apex: Calling PlayAndWaitInThread at time: 1783938595705
apex: WavDevice: PlayAll
FileSink prepare: opened file multistandard-unique-0.wav (count=1)
FileSink process: call 1 for file 1 (8192 frames so far)
FileSink process: call 2 for file 1 (16384 frames so far)
FileSink process: call 3 for file 1 (24576 frames so far)
apex: berthabuffer stop
apex: WavDevice: AllDone
apex: berthabuffer release
apex: stimulus played
apex: ParameterManager::SetParameter: setting parameter "snr" to value "1"
apex: ParameterManager::SetParameter: setting parameter "snr" to value "1"
apex: Calling playNextStimulus at time: 1783938596207
apex: WavDevice: AddInput rawdata1
apex: apex::ApexModule: Playing Stimulus stimulus1
apex: Calling PlayAndWaitInThread at time: 1783938596208
apex: WavDevice: PlayAll
FileSink prepare: opened file multistandard-unique-1.wav (count=1)
FileSink process: call 1 for file 1 (8192 frames so far)
FileSink process: call 2 for file 1 (16384 frames so far)
FileSink process: call 3 for file 1 (24576 frames so far)
apex: berthabuffer stop
apex: WavDevice: AllDone
apex: berthabuffer release
apex: stimulus played
apex: ParameterManager::SetParameter: setting parameter "snr" to value "5"
apex: ParameterManager::SetParameter: setting parameter "snr" to value "5"
apex: Calling playNextStimulus at time: 1783938596728
apex: WavDevice: AddInput rawdata5
apex: apex::ApexModule: Playing Stimulus stimulus5
apex: Calling PlayAndWaitInThread at time: 1783938596730
apex: WavDevice: PlayAll
FileSink prepare: opened file multistandard-unique-2.wav (count=1)
FileSink process: call 1 for file 1 (8192 frames so far)
FileSink process: call 2 for file 1 (16384 frames so far)
FileSink process: call 3 for file 1 (24576 frames so far)
FileSink process: call 4 for file 1 (32768 frames so far)
apex: berthabuffer stop
apex: WavDevice: AllDone
apex: berthabuffer release
apex: stimulus played
apex: ParameterManager::SetParameter: setting parameter "snr" to value "2"
apex: ParameterManager::SetParameter: setting parameter "snr" to value "2"
apex: Calling playNextStimulus at time: 1783938597396
apex: WavDevice: AddInput rawdata2
apex: apex::ApexModule: Playing Stimulus stimulus2
apex: Calling PlayAndWaitInThread at time: 1783938597397
apex: WavDevice: PlayAll
FileSink prepare: opened file multistandard-unique-3.wav (count=1)
FileSink process: call 1 for file 1 (8192 frames so far)
FileSink process: call 2 for file 1 (16384 frames so far)
FileSink process: call 3 for file 1 (24576 frames so far)
apex: berthabuffer stop
apex: WavDevice: AllDone
apex: berthabuffer release
apex: stimulus played
apex: ParameterManager::SetParameter: setting parameter "snr" to value "4"
apex: ParameterManager::SetParameter: setting parameter "snr" to value "4"
apex: Calling playNextStimulus at time: 1783938597936
apex: WavDevice: AddInput rawdata4
apex: apex::ApexModule: Playing Stimulus stimulus4
apex: Calling PlayAndWaitInThread at time: 1783938597938
apex: WavDevice: PlayAll
FileSink prepare: opened file multistandard-unique-4.wav (count=1)
FileSink process: call 1 for file 1 (8192 frames so far)
FileSink process: call 2 for file 1 (16384 frames so far)
FileSink process: call 3 for file 1 (24576 frames so far)
apex: berthabuffer stop
apex: WavDevice: AllDone
apex: berthabuffer release
apex: stimulus played
apex: "ExperimentIo::setResponseEnabled(true)"
apex: Automatically selecting button4
apex: Updated stepsize for trial 1 to 2
apex: ***iAnswered
apex: debug slot called
apex: Updated min / max to "2" / "2"
apex: Randomly selected position 1
apex: Error: can't create unique standardlist because the number of standards is to small 
apex: *** Starting next trial with parameter 2 , progress is 0 % ***
apex: ParameterManager::SetParameter: setting parameter "snr" to value "20"
apex: ParameterManager::SetParameter: setting parameter "snr" to value "20"
apex: Calling playNextStimulus at time: 1783938598801
apex: WavDevice: AddInput noisedata
apex: apex::ApexModule: Playing Stimulus standard1
apex: Calling PlayAndWaitInThread at time: 1783938598801
apex: WavDevice: PlayAll
FileSink prepare: opened file multistandard-unique-5.wav (count=1)
FileSink process: call 1 for file 1 (8192 frames so far)
FileSink process: call 2 for file 1 (16384 frames so far)
FileSink process: call 3 for file 1 (24576 frames so far)
apex: berthabuffer stop
apex: WavDevice: AllDone
apex: berthabuffer release
apex: stimulus played
apex: ParameterManager::SetParameter: setting parameter "snr" to value "2"
apex: ParameterManager::SetParameter: setting parameter "snr" to value "2"
apex: Calling playNextStimulus at time: 1783938599316
apex: WavDevice: AddInput rawdata2
apex: apex::ApexModule: Playing Stimulus stimulus2
apex: Calling PlayAndWaitInThread at time: 1783938599316
apex: WavDevice: PlayAll
FileSink prepare: opened file multistandard-unique-6.wav (count=1)
FileSink process: call 1 for file 1 (8192 frames so far)
FileSink process: call 2 for file 1 (16384 frames so far)
FileSink process: call 3 for file 1 (24576 frames so far)
apex: berthabuffer stop
apex: WavDevice: AllDone
apex: berthabuffer release
apex: stimulus played
apex: ParameterManager::SetParameter: setting parameter "snr" to value "20"
apex: ParameterManager::SetParameter: setting parameter "snr" to value "20"
apex: Calling playNextStimulus at time: 1783938599846
apex: WavDevice: AddInput noisedata
apex: apex::ApexModule: Playing Stimulus standard1
apex: Calling PlayAndWaitInThread at time: 1783938599847
apex: WavDevice: PlayAll
FileSink prepare: opened file multistandard-unique-7.wav (count=1)
FileSink process: call 1 for file 1 (8192 frames so far)
FileSink process: call 2 for file 1 (16384 frames so far)
FileSink process: call 3 for file 1 (24576 frames so far)
apex: berthabuffer stop
apex: WavDevice: AllDone
apex: berthabuffer release
apex: stimulus played
apex: ParameterManager::SetParameter: setting parameter "snr" to value "20"
apex: ParameterManager::SetParameter: setting parameter "snr" to value "20"
apex: Calling playNextStimulus at time: 1783938600355
apex: WavDevice: AddInput noisedata
apex: apex::ApexModule: Playing Stimulus standard1
apex: Calling PlayAndWaitInThread at time: 1783938600356
apex: WavDevice: PlayAll
FileSink prepare: opened file multistandard-unique-8.wav (count=1)
FileSink process: call 1 for file 1 (8192 frames so far)
FileSink process: call 2 for file 1 (16384 frames so far)
FileSink process: call 3 for file 1 (24576 frames so far)
apex: berthabuffer stop
apex: WavDevice: AllDone
apex: berthabuffer release
apex: stimulus played
apex: ParameterManager::SetParameter: setting parameter "snr" to value "20"
apex: ParameterManager::SetParameter: setting parameter "snr" to value "20"
apex: Calling playNextStimulus at time: 1783938600943
apex: WavDevice: AddInput noisedata
apex: apex::ApexModule: Playing Stimulus standard1
apex: Calling PlayAndWaitInThread at time: 1783938600944
apex: WavDevice: PlayAll
FileSink prepare: opened file multistandard-unique-9.wav (count=1)
FileSink process: call 1 for file 1 (8192 frames so far)
FileSink process: call 2 for file 1 (16384 frames so far)
FileSink process: call 3 for file 1 (24576 frames so far)
apex: berthabuffer stop
apex: WavDevice: AllDone
apex: berthabuffer release
apex: stimulus played
apex: "ExperimentIo::setResponseEnabled(true)"
apex: Automatically selecting button2
apex: Updated stepsize for trial 2 to 1
apex: ***iAnswered
apex: debug slot called
apex: Updated min / max to "20" / "20"
apex: Randomly selected position 3
apex: *** Starting next trial with parameter 20 , progress is 50 % ***
apex: ParameterManager::SetParameter: setting parameter "snr" to value "2"
apex: ParameterManager::SetParameter: setting parameter "snr" to value "2"
apex: Calling playNextStimulus at time: 1783938601802
apex: WavDevice: AddInput rawdata2
apex: apex::ApexModule: Playing Stimulus stimulus2
apex: Calling PlayAndWaitInThread at time: 1783938601803
apex: WavDevice: PlayAll
FileSink prepare: opened file multistandard-unique-10.wav (count=1)
FileSink process: call 1 for file 1 (8192 frames so far)
FileSink process: call 2 for file 1 (16384 frames so far)
FileSink process: call 3 for file 1 (24576 frames so far)
apex: berthabuffer stop
apex: WavDevice: AllDone
apex: berthabuffer release
apex: stimulus played
apex: ParameterManager::SetParameter: setting parameter "snr" to value "3"
apex: ParameterManager::SetParameter: setting parameter "snr" to value "3"
apex: Calling playNextStimulus at time: 1783938602306
apex: WavDevice: AddInput rawdata3
apex: apex::ApexModule: Playing Stimulus stimulus3
apex: Calling PlayAndWaitInThread at time: 1783938602307
apex: WavDevice: PlayAll
FileSink prepare: opened file multistandard-unique-11.wav (count=1)
FileSink process: call 1 for file 1 (8192 frames so far)
FileSink process: call 2 for file 1 (16384 frames so far)
apex: berthabuffer stop
apex: WavDevice: AllDone
apex: berthabuffer release
apex: stimulus played
apex: ParameterManager::SetParameter: setting parameter "snr" to value "5"
apex: ParameterManager::SetParameter: setting parameter "snr" to value "5"
apex: Calling playNextStimulus at time: 1783938602666
apex: WavDevice: AddInput rawdata5
apex: apex::ApexModule: Playing Stimulus stimulus5
apex: Calling PlayAndWaitInThread at time: 1783938602667
apex: WavDevice: PlayAll
FileSink prepare: opened file multistandard-unique-12.wav (count=1)
FileSink process: call 1 for file 1 (8192 frames so far)
FileSink process: call 2 for file 1 (16384 frames so far)
FileSink process: call 3 for file 1 (24576 frames so far)
FileSink process: call 4 for file 1 (32768 frames so far)
apex: berthabuffer stop
apex: WavDevice: AllDone
apex: berthabuffer release
apex: stimulus played
apex: ParameterManager::SetParameter: setting parameter "snr" to value "20"
apex: ParameterManager::SetParameter: setting parameter "snr" to value "20"
apex: Calling playNextStimulus at time: 1783938603355
apex: WavDevice: AddInput noisedata
apex: apex::ApexModule: Playing Stimulus standard1
apex: Calling PlayAndWaitInThread at time: 1783938603356
apex: WavDevice: PlayAll
FileSink prepare: opened file multistandard-unique-13.wav (count=1)
FileSink process: call 1 for file 1 (8192 frames so far)
FileSink process: call 2 for file 1 (16384 frames so far)
FileSink process: call 3 for file 1 (24576 frames so far)
apex: berthabuffer stop
apex: WavDevice: AllDone
apex: berthabuffer release
apex: stimulus played
apex: ParameterManager::SetParameter: setting parameter "snr" to value "1"
apex: ParameterManager::SetParameter: setting parameter "snr" to value "1"
apex: Calling playNextStimulus at time: 1783938603858
apex: WavDevice: AddInput rawdata1
apex: apex::ApexModule: Playing Stimulus stimulus1
apex: Calling PlayAndWaitInThread at time: 1783938603858
apex: WavDevice: PlayAll
FileSink prepare: opened file multistandard-unique-14.wav (count=1)
FileSink process: call 1 for file 1 (8192 frames so far)
FileSink process: call 2 for file 1 (16384 frames so far)
FileSink process: call 3 for file 1 (24576 frames so far)
apex: berthabuffer stop
apex: WavDevice: AllDone
apex: berthabuffer release
apex: stimulus played
apex: "ExperimentIo::setResponseEnabled(true)"
apex: Automatically selecting button4
apex: Updated stepsize for trial 3 to 1
apex: ***iAnswered
apex: debug slot called
apex: Updated min / max to "2" / "2"
apex: Randomly selected position 4
apex: Error: can't create unique standardlist because the number of standards is to small 
apex: *** Starting next trial with parameter 2 , progress is 50 % ***
apex: ParameterManager::SetParameter: setting parameter "snr" to value "20"
apex: ParameterManager::SetParameter: setting parameter "snr" to value "20"
apex: Calling playNextStimulus at time: 1783938604689
apex: WavDevice: AddInput noisedata
apex: apex::ApexModule: Playing Stimulus standard1
apex: Calling PlayAndWaitInThread at time: 1783938604690
apex: WavDevice: PlayAll
FileSink prepare: opened file multistandard-unique-15.wav (count=1)
FileSink process: call 1 for file 1 (8192 frames so far)
FileSink process: call 2 for file 1 (16384 frames so far)
FileSink process: call 3 for file 1 (24576 frames so far)
apex: berthabuffer stop
apex: WavDevice: AllDone
apex: berthabuffer release
apex: stimulus played
apex: ParameterManager::SetParameter: setting parameter "snr" to value "20"
apex: ParameterManager::SetParameter: setting parameter "snr" to value "20"
apex: Calling playNextStimulus at time: 1783938605219
apex: WavDevice: AddInput noisedata
apex: apex::ApexModule: Playing Stimulus standard1
apex: Calling PlayAndWaitInThread at time: 1783938605221
apex: WavDevice: PlayAll
FileSink prepare: opened file multistandard-unique-16.wav (count=1)
FileSink process: call 1 for file 1 (8192 frames so far)
FileSink process: call 2 for file 1 (16384 frames so far)
FileSink process: call 3 for file 1 (24576 frames so far)
apex: berthabuffer stop
apex: WavDevice: AllDone
apex: berthabuffer release
apex: stimulus played
apex: ParameterManager::SetParameter: setting parameter "snr" to value "20"
apex: ParameterManager::SetParameter: setting parameter "snr" to value "20"
apex: Calling playNextStimulus at time: 1783938605785
apex: WavDevice: AddInput noisedata
apex: apex::ApexModule: Playing Stimulus standard1
apex: Calling PlayAndWaitInThread at time: 1783938605786
apex: WavDevice: PlayAll
FileSink prepare: opened file multistandard-unique-17.wav (count=1)
FileSink process: call 1 for file 1 (8192 frames so far)
FileSink process: call 2 for file 1 (16384 frames so far)
FileSink process: call 3 for file 1 (24576 frames so far)
apex: berthabuffer stop
apex: WavDevice: AllDone
apex: berthabuffer release
apex: stimulus played
apex: ParameterManager::SetParameter: setting parameter "snr" to value "20"
apex: ParameterManager::SetParameter: setting parameter "snr" to value "20"
apex: Calling playNextStimulus at time: 1783938606287
apex: WavDevice: AddInput noisedata
apex: apex::ApexModule: Playing Stimulus standard1
apex: Calling PlayAndWaitInThread at time: 1783938606288
apex: WavDevice: PlayAll
FileSink prepare: opened file multistandard-unique-18.wav (count=1)
FileSink process: call 1 for file 1 (8192 frames so far)
FileSink process: call 2 for file 1 (16384 frames so far)
FileSink process: call 3 for file 1 (24576 frames so far)
apex: berthabuffer stop
apex: WavDevice: AllDone
apex: berthabuffer release
apex: stimulus played
apex: ParameterManager::SetParameter: setting parameter "snr" to value "2"
apex: ParameterManager::SetParameter: setting parameter "snr" to value "2"
apex: Calling playNextStimulus at time: 1783938606849
apex: WavDevice: AddInput rawdata2
apex: apex::ApexModule: Playing Stimulus stimulus2
apex: Calling PlayAndWaitInThread at time: 1783938606850
apex: WavDevice: PlayAll
FileSink prepare: opened file multistandard-unique-19.wav (count=1)
FileSink process: call 1 for file 1 (8192 frames so far)
FileSink process: call 2 for file 1 (16384 frames so far)
FileSink process: call 3 for file 1 (24576 frames so far)
apex: berthabuffer stop
apex: WavDevice: AllDone
apex: berthabuffer release
apex: stimulus played
apex: "ExperimentIo::setResponseEnabled(true)"
apex: Automatically selecting button3
apex: Updated stepsize for trial 4 to 1
apex: ***iAnswered
apex: debug slot called
apex: berthabuffer release
QFSFileEngine::open: No file name specified
apex: berthabuffer release
apex: ExperimentControl: Experiment done
double free or corruption (!prev)
Aborted (core dumped)
